[2025-07-03T16:55:56.502+0000] {taskinstance.py:1083} INFO - Dependencies all met for <TaskInstance: 1_basica_dag.tks3 manual__2025-07-03T16:55:44.173921+00:00 [queued]>
[2025-07-03T16:55:56.507+0000] {taskinstance.py:1083} INFO - Dependencies all met for <TaskInstance: 1_basica_dag.tks3 manual__2025-07-03T16:55:44.173921+00:00 [queued]>
[2025-07-03T16:55:56.508+0000] {taskinstance.py:1279} INFO - 
--------------------------------------------------------------------------------
[2025-07-03T16:55:56.508+0000] {taskinstance.py:1280} INFO - Starting attempt 1 of 1
[2025-07-03T16:55:56.508+0000] {taskinstance.py:1281} INFO - 
--------------------------------------------------------------------------------
[2025-07-03T16:55:56.514+0000] {taskinstance.py:1300} INFO - Executing <Task(BashOperator): tks3> on 2025-07-03 16:55:44.173921+00:00
[2025-07-03T16:55:56.516+0000] {standard_task_runner.py:55} INFO - Started process 109 to run task
[2025-07-03T16:55:56.518+0000] {standard_task_runner.py:82} INFO - Running: ['***', 'tasks', 'run', '1_basica_dag', 'tks3', 'manual__2025-07-03T16:55:44.173921+00:00', '--job-id', '92', '--raw', '--subdir', 'DAGS_FOLDER/1_basica_dag.py', '--cfg-path', '/tmp/tmpy4kl5wky']
[2025-07-03T16:55:56.518+0000] {standard_task_runner.py:83} INFO - Job 92: Subtask tks3
[2025-07-03T16:55:56.552+0000] {task_command.py:388} INFO - Running <TaskInstance: 1_basica_dag.tks3 manual__2025-07-03T16:55:44.173921+00:00 [running]> on host 512d095082da
[2025-07-03T16:55:56.585+0000] {taskinstance.py:1509} INFO - Exporting the following env vars:
AIRFLOW_CTX_DAG_OWNER=***
AIRFLOW_CTX_DAG_ID=1_basica_dag
AIRFLOW_CTX_TASK_ID=tks3
AIRFLOW_CTX_EXECUTION_DATE=2025-07-03T16:55:44.173921+00:00
AIRFLOW_CTX_TRY_NUMBER=1
AIRFLOW_CTX_DAG_RUN_ID=manual__2025-07-03T16:55:44.173921+00:00
[2025-07-03T16:55:56.586+0000] {subprocess.py:63} INFO - Tmp dir root location: 
 /tmp
[2025-07-03T16:55:56.586+0000] {subprocess.py:75} INFO - Running command: ['/bin/bash', '-c', 'sleep 5']
[2025-07-03T16:55:56.590+0000] {subprocess.py:86} INFO - Output:
[2025-07-03T16:56:01.594+0000] {subprocess.py:97} INFO - Command exited with return code 0
[2025-07-03T16:56:01.615+0000] {taskinstance.py:1323} INFO - Marking task as SUCCESS. dag_id=1_basica_dag, task_id=tks3, execution_date=20250703T165544, start_date=20250703T165556, end_date=20250703T165601
[2025-07-03T16:56:01.642+0000] {local_task_job.py:208} INFO - Task exited with return code 0
[2025-07-03T16:56:01.651+0000] {taskinstance.py:2578} INFO - 0 downstream tasks scheduled from follow-on schedule check
