[2025-07-03T16:55:50.647+0000] {taskinstance.py:1083} INFO - Dependencies all met for <TaskInstance: 1_basica_dag.tks2 manual__2025-07-03T16:55:44.173921+00:00 [queued]>
[2025-07-03T16:55:50.653+0000] {taskinstance.py:1083} INFO - Dependencies all met for <TaskInstance: 1_basica_dag.tks2 manual__2025-07-03T16:55:44.173921+00:00 [queued]>
[2025-07-03T16:55:50.653+0000] {taskinstance.py:1279} INFO - 
--------------------------------------------------------------------------------
[2025-07-03T16:55:50.653+0000] {taskinstance.py:1280} INFO - Starting attempt 1 of 1
[2025-07-03T16:55:50.653+0000] {taskinstance.py:1281} INFO - 
--------------------------------------------------------------------------------
[2025-07-03T16:55:50.660+0000] {taskinstance.py:1300} INFO - Executing <Task(BashOperator): tks2> on 2025-07-03 16:55:44.173921+00:00
[2025-07-03T16:55:50.662+0000] {standard_task_runner.py:55} INFO - Started process 106 to run task
[2025-07-03T16:55:50.664+0000] {standard_task_runner.py:82} INFO - Running: ['***', 'tasks', 'run', '1_basica_dag', 'tks2', 'manual__2025-07-03T16:55:44.173921+00:00', '--job-id', '91', '--raw', '--subdir', 'DAGS_FOLDER/1_basica_dag.py', '--cfg-path', '/tmp/tmpqs2qcsd6']
[2025-07-03T16:55:50.664+0000] {standard_task_runner.py:83} INFO - Job 91: Subtask tks2
[2025-07-03T16:55:50.703+0000] {task_command.py:388} INFO - Running <TaskInstance: 1_basica_dag.tks2 manual__2025-07-03T16:55:44.173921+00:00 [running]> on host 512d095082da
[2025-07-03T16:55:50.739+0000] {taskinstance.py:1509} INFO - Exporting the following env vars:
AIRFLOW_CTX_DAG_OWNER=***
AIRFLOW_CTX_DAG_ID=1_basica_dag
AIRFLOW_CTX_TASK_ID=tks2
AIRFLOW_CTX_EXECUTION_DATE=2025-07-03T16:55:44.173921+00:00
AIRFLOW_CTX_TRY_NUMBER=1
AIRFLOW_CTX_DAG_RUN_ID=manual__2025-07-03T16:55:44.173921+00:00
[2025-07-03T16:55:50.739+0000] {subprocess.py:63} INFO - Tmp dir root location: 
 /tmp
[2025-07-03T16:55:50.740+0000] {subprocess.py:75} INFO - Running command: ['/bin/bash', '-c', 'sleep 5']
[2025-07-03T16:55:50.745+0000] {subprocess.py:86} INFO - Output:
[2025-07-03T16:55:55.748+0000] {subprocess.py:97} INFO - Command exited with return code 0
[2025-07-03T16:55:55.770+0000] {taskinstance.py:1323} INFO - Marking task as SUCCESS. dag_id=1_basica_dag, task_id=tks2, execution_date=20250703T165544, start_date=20250703T165550, end_date=20250703T165555
[2025-07-03T16:55:55.789+0000] {local_task_job.py:208} INFO - Task exited with return code 0
[2025-07-03T16:55:55.805+0000] {taskinstance.py:2578} INFO - 1 downstream tasks scheduled from follow-on schedule check
