[2025-07-03T16:55:44.696+0000] {taskinstance.py:1083} INFO - Dependencies all met for <TaskInstance: 1_basica_dag.tks1 manual__2025-07-03T16:55:44.173921+00:00 [queued]>
[2025-07-03T16:55:44.708+0000] {taskinstance.py:1083} INFO - Dependencies all met for <TaskInstance: 1_basica_dag.tks1 manual__2025-07-03T16:55:44.173921+00:00 [queued]>
[2025-07-03T16:55:44.708+0000] {taskinstance.py:1279} INFO - 
--------------------------------------------------------------------------------
[2025-07-03T16:55:44.708+0000] {taskinstance.py:1280} INFO - Starting attempt 1 of 1
[2025-07-03T16:55:44.708+0000] {taskinstance.py:1281} INFO - 
--------------------------------------------------------------------------------
[2025-07-03T16:55:44.719+0000] {taskinstance.py:1300} INFO - Executing <Task(BashOperator): tks1> on 2025-07-03 16:55:44.173921+00:00
[2025-07-03T16:55:44.728+0000] {standard_task_runner.py:55} INFO - Started process 87 to run task
[2025-07-03T16:55:44.732+0000] {standard_task_runner.py:82} INFO - Running: ['***', 'tasks', 'run', '1_basica_dag', 'tks1', 'manual__2025-07-03T16:55:44.173921+00:00', '--job-id', '90', '--raw', '--subdir', 'DAGS_FOLDER/1_basica_dag.py', '--cfg-path', '/tmp/tmp11gup0ak']
[2025-07-03T16:55:44.734+0000] {standard_task_runner.py:83} INFO - Job 90: Subtask tks1
[2025-07-03T16:55:44.775+0000] {task_command.py:388} INFO - Running <TaskInstance: 1_basica_dag.tks1 manual__2025-07-03T16:55:44.173921+00:00 [running]> on host 512d095082da
[2025-07-03T16:55:44.813+0000] {taskinstance.py:1509} INFO - Exporting the following env vars:
AIRFLOW_CTX_DAG_OWNER=***
AIRFLOW_CTX_DAG_ID=1_basica_dag
AIRFLOW_CTX_TASK_ID=tks1
AIRFLOW_CTX_EXECUTION_DATE=2025-07-03T16:55:44.173921+00:00
AIRFLOW_CTX_TRY_NUMBER=1
AIRFLOW_CTX_DAG_RUN_ID=manual__2025-07-03T16:55:44.173921+00:00
[2025-07-03T16:55:44.813+0000] {subprocess.py:63} INFO - Tmp dir root location: 
 /tmp
[2025-07-03T16:55:44.814+0000] {subprocess.py:75} INFO - Running command: ['/bin/bash', '-c', 'sleep 5']
[2025-07-03T16:55:44.819+0000] {subprocess.py:86} INFO - Output:
[2025-07-03T16:55:49.823+0000] {subprocess.py:97} INFO - Command exited with return code 0
[2025-07-03T16:55:49.854+0000] {taskinstance.py:1323} INFO - Marking task as SUCCESS. dag_id=1_basica_dag, task_id=tks1, execution_date=20250703T165544, start_date=20250703T165544, end_date=20250703T165549
[2025-07-03T16:55:49.907+0000] {local_task_job.py:208} INFO - Task exited with return code 0
[2025-07-03T16:55:49.926+0000] {taskinstance.py:2578} INFO - 1 downstream tasks scheduled from follow-on schedule check
